<?xml version="1.0" encoding="UTF-8"?>
<testng-results ignored="0" total="1" passed="1" failed="0" skipped="0">
  <reporter-output>
  </reporter-output>
  <suite started-at="2022-06-16T18:36:10 IST" name="Default suite" finished-at="2022-06-16T18:36:12 IST" duration-ms="2210">
    <groups>
    </groups>
    <test started-at="2022-06-16T18:36:10 IST" name="Default test" finished-at="2022-06-16T18:36:12 IST" duration-ms="2210">
      <class name="restAssuredPackage.JSONSchemaValidator">
        <test-method signature="jsonSchemaValidation()[pri:0, instance:restAssuredPackage.JSONSchemaValidator@36916eb0]" started-at="2022-06-16T18:36:10 IST" name="jsonSchemaValidation" finished-at="2022-06-16T18:36:12 IST" duration-ms="2180" status="PASS">
          <reporter-output>
          </reporter-output>
        </test-method> <!-- jsonSchemaValidation -->
      </class> <!-- restAssuredPackage.JSONSchemaValidator -->
    </test> <!-- Default test -->
  </suite> <!-- Default suite -->
</testng-results>
